<?xml version="1.0" encoding="UTF-8"?>
<testng-results skipped="0" failed="0" total="1" passed="1">
  <reporter-output>
  </reporter-output>
  <suite name="Default suite" duration-ms="12677" started-at="2016-07-09T08:57:35Z" finished-at="2016-07-09T08:57:47Z">
    <groups>
    </groups>
    <test name="Default test" duration-ms="12677" started-at="2016-07-09T08:57:35Z" finished-at="2016-07-09T08:57:47Z">
      <class name="testing.Case1">
        <test-method status="PASS" signature="bmet()[pri:0, instance:testing.Case1@1bc6a36e]" name="bmet" is-config="true" duration-ms="8294" started-at="2016-07-09T14:27:35Z" finished-at="2016-07-09T14:27:43Z">
          <reporter-output>
          </reporter-output>
        </test-method> <!-- bmet -->
        <test-method status="PASS" signature="tcase1()[pri:0, instance:testing.Case1@1bc6a36e]" name="tcase1" duration-ms="4361" started-at="2016-07-09T14:27:43Z" finished-at="2016-07-09T14:27:47Z">
          <reporter-output>
          </reporter-output>
        </test-method> <!-- tcase1 -->
      </class> <!-- testing.Case1 -->
    </test> <!-- Default test -->
  </suite> <!-- Default suite -->
</testng-results>
